Arguments: 
  /usr/local/bin/node /usr/local/Cellar/yarn/1.3.2/libexec/bin/yarn.js install

PATH: 
  /usr/local/bin:/usr/bin:/bin:/usr/sbin:/sbin

Yarn version: 
  1.3.2

Node version: 
  8.9.4

Platform: 
  darwin x64

npm manifest: 
  {
    "name": "reactproject",
    "version": "1.0.0",
    "description": "A Place of Dreams",
    "main": "index.js",
  
    "scripts": {
      "test": "echo \"Error: no test specified\" && exit 1",
      "dev": "./node_modules/.bin/webpack-dev-server --config ./webpack/webpack.dev.config.js"
    }
    "repository": {
      "type": "git",
      "url": "git+https://github.com/MelMepham/personalproject.git"
    },
    "author": "Melissa Mepham",
    "license": "ISC",
    "bugs": {
      "url": "https://github.com/MelMepham/personalproject/issues"
    },
    "babel": {
    "presets": [
      "env",
      "react"
    ]
  },
    "homepage": "https://github.com/MelMepham/personalproject#readme",
    "dependencies": {
      "express": "^4.16.2"
    },
    "devDependencies": {
      "babel-cli": "^6.26.0",
      "babel-core": "^6.26.0",
      "babel-loader": "^7.1.2",
      "babel-plugin-transform-object-rest-spread": "^6.26.0",
      "babel-preset-es2015": "^6.24.1",
      "babel-preset-react": "^6.24.1",
      "babel-preset-stage-0": "^6.24.1",
      "babel-register": "^6.26.0",
      "react": "^16.2.0",
      "react-dom": "^16.2.0",
      "webpack": "^3.10.0",
      "webpack-dev-server": "^2.11.1"
    }
  }

yarn manifest: 
  No manifest

Lockfile: 
  No lockfile

Trace: 
  SyntaxError: /Users/Moo/workspace/reactProject/package.json: Unexpected string in JSON at position 284
      at JSON.parse (<anonymous>)
      at /usr/local/Cellar/yarn/1.3.2/libexec/lib/cli.js:770:59
      at Generator.next (<anonymous>)
      at step (/usr/local/Cellar/yarn/1.3.2/libexec/lib/cli.js:92:30)
      at /usr/local/Cellar/yarn/1.3.2/libexec/lib/cli.js:103:13
      at <anonymous>
